<?xml version="1.0" encoding="UTF-8"?>
<testng-results skipped="0" failed="1" ignored="0" total="1" passed="0">
  <reporter-output>
    <line>
      <![CDATA[<a href=Wed_Dec_06_17_15_58_IST_2017.jpg target="_blank">Screenshot Captured</a>]]>
    </line>
    <line>
      <![CDATA[<br>]]>
    </line>
    <line>
      <![CDATA[<a href=Wed_Dec_06_17_15_58_IST_2017.jpg target="_blank"><img src=Wed_Dec_06_17_15_58_IST_2017.jpg height=200 width=200></a>]]>
    </line>
  </reporter-output>
  <suite name="DDF" duration-ms="8742" started-at="2017-12-06T11:45:50Z" finished-at="2017-12-06T11:45:59Z">
    <groups>
    </groups>
    <test name="CMPD Login Test" duration-ms="8742" started-at="2017-12-06T11:45:50Z" finished-at="2017-12-06T11:45:59Z">
      <class name="Test_Cases.TestCase">
        <test-method status="PASS" signature="setUp()[pri:0, instance:Test_Cases.TestCase@7b49cea0]" name="setUp" is-config="true" duration-ms="2500" started-at="2017-12-06T17:15:50Z" finished-at="2017-12-06T17:15:53Z">
          <reporter-output>
          </reporter-output>
        </test-method> <!-- setUp -->
        <test-method status="FAIL" signature="TestCaseID_001()[pri:0, instance:Test_Cases.TestCase@7b49cea0]" name="TestCaseID_001" duration-ms="5551" started-at="2017-12-06T17:15:53Z" description="Verify Login with Valid Credentials" finished-at="2017-12-06T17:15:58Z">
          <exception class="java.lang.AssertionError">
            <message>
              <![CDATA[null]]>
            </message>
            <full-stacktrace>
              <![CDATA[java.lang.AssertionError: null
	at org.testng.Assert.fail(Assert.java:93)
	at org.testng.Assert.fail(Assert.java:100)
	at Test_Cases.TestCase.TestCaseID_001(TestCase.java:18)
	at sun.reflect.NativeMethodAccessorImpl.invoke0(Native Method)
	at sun.reflect.NativeMethodAccessorImpl.invoke(NativeMethodAccessorImpl.java:62)
	at sun.reflect.DelegatingMethodAccessorImpl.invoke(DelegatingMethodAccessorImpl.java:43)
	at java.lang.reflect.Method.invoke(Method.java:498)
	at org.testng.internal.MethodInvocationHelper.invokeMethod(MethodInvocationHelper.java:108)
	at org.testng.internal.Invoker.invokeMethod(Invoker.java:661)
	at org.testng.internal.Invoker.invokeTestMethod(Invoker.java:869)
	at org.testng.internal.Invoker.invokeTestMethods(Invoker.java:1193)
	at org.testng.internal.TestMethodWorker.invokeTestMethods(TestMethodWorker.java:126)
	at org.testng.internal.TestMethodWorker.run(TestMethodWorker.java:109)
	at org.testng.TestRunner.privateRun(TestRunner.java:744)
	at org.testng.TestRunner.run(TestRunner.java:602)
	at org.testng.SuiteRunner.runTest(SuiteRunner.java:380)
	at org.testng.SuiteRunner.access$000(SuiteRunner.java:39)
	at org.testng.SuiteRunner$SuiteWorker.run(SuiteRunner.java:414)
	at org.testng.internal.thread.ThreadUtil$1.call(ThreadUtil.java:52)
	at java.util.concurrent.FutureTask.run(FutureTask.java:266)
	at java.util.concurrent.ThreadPoolExecutor.runWorker(ThreadPoolExecutor.java:1149)
	at java.util.concurrent.ThreadPoolExecutor$Worker.run(ThreadPoolExecutor.java:624)
	at java.lang.Thread.run(Thread.java:748)
]]>
            </full-stacktrace>
          </exception> <!-- java.lang.AssertionError -->
          <reporter-output>
            <line>
              <![CDATA[<a href=Wed_Dec_06_17_15_58_IST_2017.jpg target="_blank">Screenshot Captured</a>]]>
            </line>
            <line>
              <![CDATA[<br>]]>
            </line>
            <line>
              <![CDATA[<a href=Wed_Dec_06_17_15_58_IST_2017.jpg target="_blank"><img src=Wed_Dec_06_17_15_58_IST_2017.jpg height=200 width=200></a>]]>
            </line>
          </reporter-output>
        </test-method> <!-- TestCaseID_001 -->
        <test-method status="PASS" signature="tearDown()[pri:0, instance:Test_Cases.TestCase@7b49cea0]" name="tearDown" is-config="true" duration-ms="2322" started-at="2017-12-06T17:15:59Z" finished-at="2017-12-06T17:16:01Z">
          <reporter-output>
          </reporter-output>
        </test-method> <!-- tearDown -->
      </class> <!-- Test_Cases.TestCase -->
    </test> <!-- CMPD Login Test -->
  </suite> <!-- DDF -->
</testng-results>
